======================================
         MAIN PROGRAM STARTED         

Load PODI-RBF data: Done.
Read and check input from `parameter.csv`: 
75000   1.3  1.75
Input parameter:
	E = 75000 MPa
	R = 1.3
	P = 1.75 MPa
 -1.05872  -1.10478 -0.352908
Done.
Input parameter:
	E = -1.05872 MPa
	R = -1.10478
	P = -0.352908 MPa
Estimate displacement and stress solution: 
Done.
Running time of a single call:
	time: 12.727 ms
	speed: 78.5731 Hz

        MAIN PROGRAM COMPLETED        
======================================
==============================================

valID 0:
	Young modulus E = 75000 MPa
	speed ratio R = 1.30
	pressure P = 1.75 MPa

Runtime 12.7270 ms
Speed 78.5731 Hz
Displacement:

	Error L2: 0.2191 %

	Error rmse: 0.7154 

	Max value : Abaqus 635.7, PODI-RBF 636.1 

von Mises stress:

	Error L2: 18.1438 %

	Error rmse: 6.313 

	Max value : Abaqus 77.63, PODI-RBF 77.78 

======================================
         MAIN PROGRAM STARTED         

Load PODI-RBF data: Done.
Read and check input from `parameter.csv`: 
75000   1.3  2.25
Input parameter:
	E = 75000 MPa
	R = 1.3
	P = 2.25 MPa
-1.05872 -1.10478 0.352908
Done.
Input parameter:
	E = -1.05872 MPa
	R = -1.10478
	P = 0.352908 MPa
Estimate displacement and stress solution: 
Done.
Running time of a single call:
	time: 19.119 ms
	speed: 52.304 Hz

        MAIN PROGRAM COMPLETED        
======================================
==============================================

valID 1:
	Young modulus E = 75000 MPa
	speed ratio R = 1.30
	pressure P = 2.25 MPa

Runtime 19.1190 ms
Speed 52.3040 Hz
Displacement:

	Error L2: 0.1871 %

	Error rmse: 0.5979 

	Max value : Abaqus 620.7, PODI-RBF 620.5 

von Mises stress:

	Error L2: 17.3318 %

	Error rmse: 6.165 

	Max value : Abaqus 81.41, PODI-RBF 77.19 

======================================
         MAIN PROGRAM STARTED         

Load PODI-RBF data: Done.
Read and check input from `parameter.csv`: 
75000   1.3  2.75
Input parameter:
	E = 75000 MPa
	R = 1.3
	P = 2.75 MPa
-1.05872 -1.10478  1.05872
Done.
Input parameter:
	E = -1.05872 MPa
	R = -1.10478
	P = 1.05872 MPa
Estimate displacement and stress solution: 
Done.
Running time of a single call:
	time: 12.612 ms
	speed: 79.2896 Hz

        MAIN PROGRAM COMPLETED        
======================================
==============================================

valID 2:
	Young modulus E = 75000 MPa
	speed ratio R = 1.30
	pressure P = 2.75 MPa

Runtime 12.6120 ms
Speed 79.2896 Hz
Displacement:

	Error L2: 0.2612 %

	Error rmse: 0.8176 

	Max value : Abaqus 606.4, PODI-RBF 607.4 

von Mises stress:

	Error L2: 19.4089 %

	Error rmse: 6.832 

	Max value : Abaqus 77.95, PODI-RBF 72.6 

======================================
         MAIN PROGRAM STARTED         

Load PODI-RBF data: Done.
Read and check input from `parameter.csv`: 
75000   1.7  1.75
Input parameter:
	E = 75000 MPa
	R = 1.7
	P = 1.75 MPa
 -1.05872 -0.473477 -0.352908
Done.
Input parameter:
	E = -1.05872 MPa
	R = -0.473477
	P = -0.352908 MPa
Estimate displacement and stress solution: 
Done.
Running time of a single call:
	time: 19.303 ms
	speed: 51.8054 Hz

        MAIN PROGRAM COMPLETED        
======================================
==============================================

valID 3:
	Young modulus E = 75000 MPa
	speed ratio R = 1.70
	pressure P = 1.75 MPa

Runtime 19.3030 ms
Speed 51.8054 Hz
Displacement:

	Error L2: 0.4243 %

	Error rmse: 1.383 

	Max value : Abaqus 634.1, PODI-RBF 636.5 

von Mises stress:

	Error L2: 16.9515 %

	Error rmse: 5.94 

	Max value : Abaqus 80.39, PODI-RBF 85.06 

======================================
         MAIN PROGRAM STARTED         

Load PODI-RBF data: Done.
Read and check input from `parameter.csv`: 
75000   1.7  2.25
Input parameter:
	E = 75000 MPa
	R = 1.7
	P = 2.25 MPa
 -1.05872 -0.473477  0.352908
Done.
Input parameter:
	E = -1.05872 MPa
	R = -0.473477
	P = 0.352908 MPa
Estimate displacement and stress solution: 
Done.
Running time of a single call:
	time: 18.961 ms
	speed: 52.7398 Hz

        MAIN PROGRAM COMPLETED        
======================================
==============================================

valID 4:
	Young modulus E = 75000 MPa
	speed ratio R = 1.70
	pressure P = 2.25 MPa

Runtime 18.9610 ms
Speed 52.7398 Hz
Displacement:

	Error L2: 0.3815 %

	Error rmse: 1.216 

	Max value : Abaqus 618.5, PODI-RBF 620.7 

von Mises stress:

	Error L2: 13.9302 %

	Error rmse: 4.879 

	Max value : Abaqus 76.28, PODI-RBF 87.5 

======================================
         MAIN PROGRAM STARTED         

Load PODI-RBF data: Done.
Read and check input from `parameter.csv`: 
75000   1.7  2.75
Input parameter:
	E = 75000 MPa
	R = 1.7
	P = 2.75 MPa
 -1.05872 -0.473477   1.05872
Done.
Input parameter:
	E = -1.05872 MPa
	R = -0.473477
	P = 1.05872 MPa
Estimate displacement and stress solution: 
Done.
Running time of a single call:
	time: 20.265 ms
	speed: 49.3462 Hz

        MAIN PROGRAM COMPLETED        
======================================
==============================================

valID 5:
	Young modulus E = 75000 MPa
	speed ratio R = 1.70
	pressure P = 2.75 MPa

Runtime 20.2650 ms
Speed 49.3462 Hz
Displacement:

	Error L2: 0.7978 %

	Error rmse: 2.486 

	Max value : Abaqus 603, PODI-RBF 607.9 

von Mises stress:

	Error L2: 15.7813 %

	Error rmse: 5.535 

	Max value : Abaqus 77.43, PODI-RBF 86.57 

======================================
         MAIN PROGRAM STARTED         

Load PODI-RBF data: Done.
Read and check input from `parameter.csv`: 
75000   2.1  1.75
Input parameter:
	E = 75000 MPa
	R = 2.1
	P = 1.75 MPa
 -1.05872  0.157826 -0.352908
Done.
Input parameter:
	E = -1.05872 MPa
	R = 0.157826
	P = -0.352908 MPa
Estimate displacement and stress solution: 
Done.
Running time of a single call:
	time: 13.034 ms
	speed: 76.7224 Hz

        MAIN PROGRAM COMPLETED        
======================================
==============================================

valID 6:
	Young modulus E = 75000 MPa
	speed ratio R = 2.10
	pressure P = 1.75 MPa

Runtime 13.0340 ms
Speed 76.7224 Hz
Displacement:

	Error L2: 0.2960 %

	Error rmse: 0.9661 

	Max value : Abaqus 634.8, PODI-RBF 636.2 

von Mises stress:

	Error L2: 15.4887 %

	Error rmse: 5.415 

	Max value : Abaqus 76.57, PODI-RBF 83.62 

======================================
         MAIN PROGRAM STARTED         

Load PODI-RBF data: Done.
Read and check input from `parameter.csv`: 
75000   2.1  2.25
Input parameter:
	E = 75000 MPa
	R = 2.1
	P = 2.25 MPa
-1.05872 0.157826 0.352908
Done.
Input parameter:
	E = -1.05872 MPa
	R = 0.157826
	P = 0.352908 MPa
Estimate displacement and stress solution: 
Done.
Running time of a single call:
	time: 14.285 ms
	speed: 70.0035 Hz

        MAIN PROGRAM COMPLETED        
======================================
==============================================

valID 7:
	Young modulus E = 75000 MPa
	speed ratio R = 2.10
	pressure P = 2.25 MPa

Runtime 14.2850 ms
Speed 70.0035 Hz
Displacement:

	Error L2: 0.5516 %

	Error rmse: 1.755 

	Max value : Abaqus 617.2, PODI-RBF 620.6 

von Mises stress:

	Error L2: 15.0344 %

	Error rmse: 5.356 

	Max value : Abaqus 78.58, PODI-RBF 87.53 

======================================
         MAIN PROGRAM STARTED         

Load PODI-RBF data: Done.
Read and check input from `parameter.csv`: 
75000   2.1  2.75
Input parameter:
	E = 75000 MPa
	R = 2.1
	P = 2.75 MPa
-1.05872 0.157826  1.05872
Done.
Input parameter:
	E = -1.05872 MPa
	R = 0.157826
	P = 1.05872 MPa
Estimate displacement and stress solution: 
Done.
Running time of a single call:
	time: 12.994 ms
	speed: 76.9586 Hz

        MAIN PROGRAM COMPLETED        
======================================
==============================================

valID 8:
	Young modulus E = 75000 MPa
	speed ratio R = 2.10
	pressure P = 2.75 MPa

Runtime 12.9940 ms
Speed 76.9586 Hz
Displacement:

	Error L2: 0.7867 %

	Error rmse: 2.453 

	Max value : Abaqus 603.1, PODI-RBF 607.9 

von Mises stress:

	Error L2: 16.1651 %

	Error rmse: 5.671 

	Max value : Abaqus 76.7, PODI-RBF 86.51 

======================================
         MAIN PROGRAM STARTED         

Load PODI-RBF data: Done.
Read and check input from `parameter.csv`: 
75000   2.5  1.75
Input parameter:
	E = 75000 MPa
	R = 2.5
	P = 1.75 MPa
 -1.05872  0.789129 -0.352908
Done.
Input parameter:
	E = -1.05872 MPa
	R = 0.789129
	P = -0.352908 MPa
Estimate displacement and stress solution: 
Done.
Running time of a single call:
	time: 20.535 ms
	speed: 48.6973 Hz

        MAIN PROGRAM COMPLETED        
======================================
==============================================

valID 9:
	Young modulus E = 75000 MPa
	speed ratio R = 2.50
	pressure P = 1.75 MPa

Runtime 20.5350 ms
Speed 48.6973 Hz
Displacement:

	Error L2: 0.4772 %

	Error rmse: 1.554 

	Max value : Abaqus 633, PODI-RBF 635.8 

von Mises stress:

	Error L2: 12.3086 %

	Error rmse: 4.343 

	Max value : Abaqus 76.42, PODI-RBF 79.91 

======================================
         MAIN PROGRAM STARTED         

Load PODI-RBF data: Done.
Read and check input from `parameter.csv`: 
75000   2.5  2.25
Input parameter:
	E = 75000 MPa
	R = 2.5
	P = 2.25 MPa
-1.05872 0.789129 0.352908
Done.
Input parameter:
	E = -1.05872 MPa
	R = 0.789129
	P = 0.352908 MPa
Estimate displacement and stress solution: 
Done.
Running time of a single call:
	time: 13.594 ms
	speed: 73.5619 Hz

        MAIN PROGRAM COMPLETED        
======================================
==============================================

valID 10:
	Young modulus E = 75000 MPa
	speed ratio R = 2.50
	pressure P = 2.25 MPa

Runtime 13.5940 ms
Speed 73.5619 Hz
Displacement:

	Error L2: 0.4000 %

	Error rmse: 1.275 

	Max value : Abaqus 617.8, PODI-RBF 620.2 

von Mises stress:

	Error L2: 14.3421 %

	Error rmse: 5.078 

	Max value : Abaqus 76.03, PODI-RBF 83.34 

======================================
         MAIN PROGRAM STARTED         

Load PODI-RBF data: Done.
Read and check input from `parameter.csv`: 
75000   2.5  2.75
Input parameter:
	E = 75000 MPa
	R = 2.5
	P = 2.75 MPa
-1.05872 0.789129  1.05872
Done.
Input parameter:
	E = -1.05872 MPa
	R = 0.789129
	P = 1.05872 MPa
Estimate displacement and stress solution: 
Done.
Running time of a single call:
	time: 12.545 ms
	speed: 79.713 Hz

        MAIN PROGRAM COMPLETED        
======================================
==============================================

valID 11:
	Young modulus E = 75000 MPa
	speed ratio R = 2.50
	pressure P = 2.75 MPa

Runtime 12.5450 ms
Speed 79.7130 Hz
Displacement:

	Error L2: 0.6168 %

	Error rmse: 1.926 

	Max value : Abaqus 603.8, PODI-RBF 607.3 

von Mises stress:

	Error L2: 14.3456 %

	Error rmse: 4.98 

	Max value : Abaqus 76.21, PODI-RBF 86.08 

======================================
         MAIN PROGRAM STARTED         

Load PODI-RBF data: Done.
Read and check input from `parameter.csv`: 
75000   2.9  1.75
Input parameter:
	E = 75000 MPa
	R = 2.9
	P = 1.75 MPa
 -1.05872   1.42043 -0.352908
Done.
Input parameter:
	E = -1.05872 MPa
	R = 1.42043
	P = -0.352908 MPa
Estimate displacement and stress solution: 
Done.
Running time of a single call:
	time: 12.279 ms
	speed: 81.4399 Hz

        MAIN PROGRAM COMPLETED        
======================================
==============================================

valID 12:
	Young modulus E = 75000 MPa
	speed ratio R = 2.90
	pressure P = 1.75 MPa

Runtime 12.2790 ms
Speed 81.4399 Hz
Displacement:

	Error L2: 0.3490 %

	Error rmse: 1.139 

	Max value : Abaqus 634, PODI-RBF 635.8 

von Mises stress:

	Error L2: 12.2249 %

	Error rmse: 4.312 

	Max value : Abaqus 78.19, PODI-RBF 77.65 

======================================
         MAIN PROGRAM STARTED         

Load PODI-RBF data: Done.
Read and check input from `parameter.csv`: 
75000   2.9  2.25
Input parameter:
	E = 75000 MPa
	R = 2.9
	P = 2.25 MPa
-1.05872  1.42043 0.352908
Done.
Input parameter:
	E = -1.05872 MPa
	R = 1.42043
	P = 0.352908 MPa
Estimate displacement and stress solution: 
Done.
Running time of a single call:
	time: 14.149 ms
	speed: 70.6764 Hz

        MAIN PROGRAM COMPLETED        
======================================
==============================================

valID 13:
	Young modulus E = 75000 MPa
	speed ratio R = 2.90
	pressure P = 2.25 MPa

Runtime 14.1490 ms
Speed 70.6764 Hz
Displacement:

	Error L2: 0.2707 %

	Error rmse: 0.8651 

	Max value : Abaqus 619.1, PODI-RBF 620.3 

von Mises stress:

	Error L2: 14.3817 %

	Error rmse: 5.096 

	Max value : Abaqus 77.17, PODI-RBF 81.73 

======================================
         MAIN PROGRAM STARTED         

Load PODI-RBF data: Done.
Read and check input from `parameter.csv`: 
75000   2.9  2.75
Input parameter:
	E = 75000 MPa
	R = 2.9
	P = 2.75 MPa
-1.05872  1.42043  1.05872
Done.
Input parameter:
	E = -1.05872 MPa
	R = 1.42043
	P = 1.05872 MPa
Estimate displacement and stress solution: 
Done.
Running time of a single call:
	time: 14.068 ms
	speed: 71.0833 Hz

        MAIN PROGRAM COMPLETED        
======================================
==============================================

valID 14:
	Young modulus E = 75000 MPa
	speed ratio R = 2.90
	pressure P = 2.75 MPa

Runtime 14.0680 ms
Speed 71.0833 Hz
Displacement:

	Error L2: 0.7618 %

	Error rmse: 2.385 

	Max value : Abaqus 604.9, PODI-RBF 609.4 

von Mises stress:

	Error L2: 14.7109 %

	Error rmse: 5.058 

	Max value : Abaqus 78.46, PODI-RBF 84.3 

======================================
         MAIN PROGRAM STARTED         

Load PODI-RBF data: Done.
Read and check input from `parameter.csv`: 
225000    1.3   1.75
Input parameter:
	E = 225000 MPa
	R = 1.3
	P = 1.75 MPa
  1.05872  -1.10478 -0.352908
Done.
Input parameter:
	E = 1.05872 MPa
	R = -1.10478
	P = -0.352908 MPa
Estimate displacement and stress solution: 
Done.
Running time of a single call:
	time: 15.558 ms
	speed: 64.2756 Hz

        MAIN PROGRAM COMPLETED        
======================================
==============================================

valID 15:
	Young modulus E = 225000 MPa
	speed ratio R = 1.30
	pressure P = 1.75 MPa

Runtime 15.5580 ms
Speed 64.2756 Hz
Displacement:

	Error L2: 0.1262 %

	Error rmse: 0.3644 

	Max value : Abaqus 552.6, PODI-RBF 552.8 

von Mises stress:

	Error L2: 16.6617 %

	Error rmse: 6.433 

	Max value : Abaqus 94.09, PODI-RBF 95.27 

======================================
         MAIN PROGRAM STARTED         

Load PODI-RBF data: Done.
Read and check input from `parameter.csv`: 
225000    1.3   2.25
Input parameter:
	E = 225000 MPa
	R = 1.3
	P = 2.25 MPa
 1.05872 -1.10478 0.352908
Done.
Input parameter:
	E = 1.05872 MPa
	R = -1.10478
	P = 0.352908 MPa
Estimate displacement and stress solution: 
Done.
Running time of a single call:
	time: 19.57 ms
	speed: 51.0986 Hz

        MAIN PROGRAM COMPLETED        
======================================
==============================================

valID 16:
	Young modulus E = 225000 MPa
	speed ratio R = 1.30
	pressure P = 2.25 MPa

Runtime 19.5700 ms
Speed 51.0986 Hz
Displacement:

	Error L2: 0.1503 %

	Error rmse: 0.4313 

	Max value : Abaqus 548.5, PODI-RBF 548.8 

von Mises stress:

	Error L2: 15.9645 %

	Error rmse: 6.236 

	Max value : Abaqus 102.2, PODI-RBF 95.7 

======================================
         MAIN PROGRAM STARTED         

Load PODI-RBF data: Done.
Read and check input from `parameter.csv`: 
225000    1.3   2.75
Input parameter:
	E = 225000 MPa
	R = 1.3
	P = 2.75 MPa
 1.05872 -1.10478  1.05872
Done.
Input parameter:
	E = 1.05872 MPa
	R = -1.10478
	P = 1.05872 MPa
Estimate displacement and stress solution: 
Done.
Running time of a single call:
	time: 18.727 ms
	speed: 53.3988 Hz

        MAIN PROGRAM COMPLETED        
======================================
==============================================

valID 17:
	Young modulus E = 225000 MPa
	speed ratio R = 1.30
	pressure P = 2.75 MPa

Runtime 18.7270 ms
Speed 53.3988 Hz
Displacement:

	Error L2: 0.1767 %

	Error rmse: 0.5029 

	Max value : Abaqus 543.7, PODI-RBF 544.5 

von Mises stress:

	Error L2: 15.0677 %

	Error rmse: 5.861 

	Max value : Abaqus 89.5, PODI-RBF 92.95 

======================================
         MAIN PROGRAM STARTED         

Load PODI-RBF data: Done.
Read and check input from `parameter.csv`: 
225000    1.7   1.75
Input parameter:
	E = 225000 MPa
	R = 1.7
	P = 1.75 MPa
  1.05872 -0.473477 -0.352908
Done.
Input parameter:
	E = 1.05872 MPa
	R = -0.473477
	P = -0.352908 MPa
Estimate displacement and stress solution: 
Done.
Running time of a single call:
	time: 19.283 ms
	speed: 51.8592 Hz

        MAIN PROGRAM COMPLETED        
======================================
==============================================

valID 18:
	Young modulus E = 225000 MPa
	speed ratio R = 1.70
	pressure P = 1.75 MPa

Runtime 19.2830 ms
Speed 51.8592 Hz
Displacement:

	Error L2: 0.2515 %

	Error rmse: 0.7287 

	Max value : Abaqus 554.2, PODI-RBF 555.5 

von Mises stress:

	Error L2: 16.6998 %

	Error rmse: 6.677 

	Max value : Abaqus 101.4, PODI-RBF 94.92 

======================================
         MAIN PROGRAM STARTED         

Load PODI-RBF data: Done.
Read and check input from `parameter.csv`: 
225000    1.7   2.25
Input parameter:
	E = 225000 MPa
	R = 1.7
	P = 2.25 MPa
  1.05872 -0.473477  0.352908
Done.
Input parameter:
	E = 1.05872 MPa
	R = -0.473477
	P = 0.352908 MPa
Estimate displacement and stress solution: 
Done.
Running time of a single call:
	time: 12.538 ms
	speed: 79.7575 Hz

        MAIN PROGRAM COMPLETED        
======================================
==============================================

valID 19:
	Young modulus E = 225000 MPa
	speed ratio R = 1.70
	pressure P = 2.25 MPa

Runtime 12.5380 ms
Speed 79.7575 Hz
Displacement:

	Error L2: 0.2294 %

	Error rmse: 0.6596 

	Max value : Abaqus 549.8, PODI-RBF 550.7 

von Mises stress:

	Error L2: 16.4229 %

	Error rmse: 6.553 

	Max value : Abaqus 103.5, PODI-RBF 99.4 

======================================
         MAIN PROGRAM STARTED         

Load PODI-RBF data: Done.
Read and check input from `parameter.csv`: 
225000    1.7   2.75
Input parameter:
	E = 225000 MPa
	R = 1.7
	P = 2.75 MPa
  1.05872 -0.473477   1.05872
Done.
Input parameter:
	E = 1.05872 MPa
	R = -0.473477
	P = 1.05872 MPa
Estimate displacement and stress solution: 
Done.
Running time of a single call:
	time: 19.404 ms
	speed: 51.5358 Hz

        MAIN PROGRAM COMPLETED        
======================================
==============================================

valID 20:
	Young modulus E = 225000 MPa
	speed ratio R = 1.70
	pressure P = 2.75 MPa

Runtime 19.4040 ms
Speed 51.5358 Hz
Displacement:

	Error L2: 0.4811 %

	Error rmse: 1.371 

	Max value : Abaqus 544.4, PODI-RBF 547 

von Mises stress:

	Error L2: 16.7367 %

	Error rmse: 6.628 

	Max value : Abaqus 98.82, PODI-RBF 98.06 

======================================
         MAIN PROGRAM STARTED         

Load PODI-RBF data: Done.
Read and check input from `parameter.csv`: 
225000    2.1   1.75
Input parameter:
	E = 225000 MPa
	R = 2.1
	P = 1.75 MPa
  1.05872  0.157826 -0.352908
Done.
Input parameter:
	E = 1.05872 MPa
	R = 0.157826
	P = -0.352908 MPa
Estimate displacement and stress solution: 
Done.
Running time of a single call:
	time: 13.217 ms
	speed: 75.6601 Hz

        MAIN PROGRAM COMPLETED        
======================================
==============================================

valID 21:
	Young modulus E = 225000 MPa
	speed ratio R = 2.10
	pressure P = 1.75 MPa

Runtime 13.2170 ms
Speed 75.6601 Hz
Displacement:

	Error L2: 0.1403 %

	Error rmse: 0.4088 

	Max value : Abaqus 557.4, PODI-RBF 556.9 

von Mises stress:

	Error L2: 15.6938 %

	Error rmse: 6.466 

	Max value : Abaqus 106.8, PODI-RBF 100.8 

======================================
         MAIN PROGRAM STARTED         

Load PODI-RBF data: Done.
Read and check input from `parameter.csv`: 
225000    2.1   2.25
Input parameter:
	E = 225000 MPa
	R = 2.1
	P = 2.25 MPa
 1.05872 0.157826 0.352908
Done.
Input parameter:
	E = 1.05872 MPa
	R = 0.157826
	P = 0.352908 MPa
Estimate displacement and stress solution: 
Done.
Running time of a single call:
	time: 18.121 ms
	speed: 55.1846 Hz

        MAIN PROGRAM COMPLETED        
======================================
==============================================

valID 22:
	Young modulus E = 225000 MPa
	speed ratio R = 2.10
	pressure P = 2.25 MPa

Runtime 18.1210 ms
Speed 55.1846 Hz
Displacement:

	Error L2: 0.2067 %

	Error rmse: 0.5979 

	Max value : Abaqus 552.8, PODI-RBF 551.9 

von Mises stress:

	Error L2: 15.4891 %

	Error rmse: 6.309 

	Max value : Abaqus 104.9, PODI-RBF 96.33 

======================================
         MAIN PROGRAM STARTED         

Load PODI-RBF data: Done.
Read and check input from `parameter.csv`: 
225000    2.1   2.75
Input parameter:
	E = 225000 MPa
	R = 2.1
	P = 2.75 MPa
 1.05872 0.157826  1.05872
Done.
Input parameter:
	E = 1.05872 MPa
	R = 0.157826
	P = 1.05872 MPa
Estimate displacement and stress solution: 
Done.
Running time of a single call:
	time: 15.088 ms
	speed: 66.2778 Hz

        MAIN PROGRAM COMPLETED        
======================================
==============================================

valID 23:
	Young modulus E = 225000 MPa
	speed ratio R = 2.10
	pressure P = 2.75 MPa

Runtime 15.0880 ms
Speed 66.2778 Hz
Displacement:

	Error L2: 0.4637 %

	Error rmse: 1.326 

	Max value : Abaqus 546.2, PODI-RBF 548.8 

von Mises stress:

	Error L2: 14.1230 %

	Error rmse: 5.657 

	Max value : Abaqus 90.37, PODI-RBF 93.41 

======================================
         MAIN PROGRAM STARTED         

Load PODI-RBF data: Done.
Read and check input from `parameter.csv`: 
225000    2.5   1.75
Input parameter:
	E = 225000 MPa
	R = 2.5
	P = 1.75 MPa
  1.05872  0.789129 -0.352908
Done.
Input parameter:
	E = 1.05872 MPa
	R = 0.789129
	P = -0.352908 MPa
Estimate displacement and stress solution: 
Done.
Running time of a single call:
	time: 17.58 ms
	speed: 56.8828 Hz

        MAIN PROGRAM COMPLETED        
======================================
==============================================

valID 24:
	Young modulus E = 225000 MPa
	speed ratio R = 2.50
	pressure P = 1.75 MPa

Runtime 17.5800 ms
Speed 56.8828 Hz
Displacement:

	Error L2: 0.1131 %

	Error rmse: 0.3282 

	Max value : Abaqus 554.4, PODI-RBF 554.2 

von Mises stress:

	Error L2: 16.3627 %

	Error rmse: 6.785 

	Max value : Abaqus 101.6, PODI-RBF 96.95 

======================================
         MAIN PROGRAM STARTED         

Load PODI-RBF data: Done.
Read and check input from `parameter.csv`: 
225000    2.5   2.25
Input parameter:
	E = 225000 MPa
	R = 2.5
	P = 2.25 MPa
 1.05872 0.789129 0.352908
Done.
Input parameter:
	E = 1.05872 MPa
	R = 0.789129
	P = 0.352908 MPa
Estimate displacement and stress solution: 
Done.
Running time of a single call:
	time: 13.239 ms
	speed: 75.5344 Hz

        MAIN PROGRAM COMPLETED        
======================================
==============================================

valID 25:
	Young modulus E = 225000 MPa
	speed ratio R = 2.50
	pressure P = 2.25 MPa

Runtime 13.2390 ms
Speed 75.5344 Hz
Displacement:

	Error L2: 0.2995 %

	Error rmse: 0.8658 

	Max value : Abaqus 552.1, PODI-RBF 550.5 

von Mises stress:

	Error L2: 15.7853 %

	Error rmse: 6.529 

	Max value : Abaqus 93.3, PODI-RBF 99.18 

======================================
         MAIN PROGRAM STARTED         

Load PODI-RBF data: Done.
Read and check input from `parameter.csv`: 
225000    2.5   2.75
Input parameter:
	E = 225000 MPa
	R = 2.5
	P = 2.75 MPa
 1.05872 0.789129  1.05872
Done.
Input parameter:
	E = 1.05872 MPa
	R = 0.789129
	P = 1.05872 MPa
Estimate displacement and stress solution: 
Done.
Running time of a single call:
	time: 13.069 ms
	speed: 76.5169 Hz

        MAIN PROGRAM COMPLETED        
======================================
==============================================

valID 26:
	Young modulus E = 225000 MPa
	speed ratio R = 2.50
	pressure P = 2.75 MPa

Runtime 13.0690 ms
Speed 76.5169 Hz
Displacement:

	Error L2: 0.1491 %

	Error rmse: 0.4276 

	Max value : Abaqus 547.4, PODI-RBF 547 

von Mises stress:

	Error L2: 16.0979 %

	Error rmse: 6.598 

	Max value : Abaqus 99.63, PODI-RBF 100.3 

======================================
         MAIN PROGRAM STARTED         

Load PODI-RBF data: Done.
Read and check input from `parameter.csv`: 
225000    2.9   1.75
Input parameter:
	E = 225000 MPa
	R = 2.9
	P = 1.75 MPa
  1.05872   1.42043 -0.352908
Done.
Input parameter:
	E = 1.05872 MPa
	R = 1.42043
	P = -0.352908 MPa
Estimate displacement and stress solution: 
Done.
Running time of a single call:
	time: 20.782 ms
	speed: 48.1186 Hz

        MAIN PROGRAM COMPLETED        
======================================
==============================================

valID 27:
	Young modulus E = 225000 MPa
	speed ratio R = 2.90
	pressure P = 1.75 MPa

Runtime 20.7820 ms
Speed 48.1186 Hz
Displacement:

	Error L2: 0.2875 %

	Error rmse: 0.8379 

	Max value : Abaqus 556.7, PODI-RBF 558.3 

von Mises stress:

	Error L2: 16.2679 %

	Error rmse: 7.529 

	Max value : Abaqus 107, PODI-RBF 97.77 

======================================
         MAIN PROGRAM STARTED         

Load PODI-RBF data: Done.
Read and check input from `parameter.csv`: 
225000    2.9   2.25
Input parameter:
	E = 225000 MPa
	R = 2.9
	P = 2.25 MPa
 1.05872  1.42043 0.352908
Done.
Input parameter:
	E = 1.05872 MPa
	R = 1.42043
	P = 0.352908 MPa
Estimate displacement and stress solution: 
Done.
Running time of a single call:
	time: 18.517 ms
	speed: 54.0044 Hz

        MAIN PROGRAM COMPLETED        
======================================
==============================================

valID 28:
	Young modulus E = 225000 MPa
	speed ratio R = 2.90
	pressure P = 2.25 MPa

Runtime 18.5170 ms
Speed 54.0044 Hz
Displacement:

	Error L2: 0.5510 %

	Error rmse: 1.59 

	Max value : Abaqus 550.4, PODI-RBF 553.6 

von Mises stress:

	Error L2: 13.7607 %

	Error rmse: 6.088 

	Max value : Abaqus 104.9, PODI-RBF 102.1 

======================================
         MAIN PROGRAM STARTED         

Load PODI-RBF data: Done.
Read and check input from `parameter.csv`: 
225000    2.9   2.75
Input parameter:
	E = 225000 MPa
	R = 2.9
	P = 2.75 MPa
1.05872 1.42043 1.05872
Done.
Input parameter:
	E = 1.05872 MPa
	R = 1.42043
	P = 1.05872 MPa
Estimate displacement and stress solution: 
Done.
Running time of a single call:
	time: 12.484 ms
	speed: 80.1025 Hz

        MAIN PROGRAM COMPLETED        
======================================
==============================================

valID 29:
	Young modulus E = 225000 MPa
	speed ratio R = 2.90
	pressure P = 2.75 MPa

Runtime 12.4840 ms
Speed 80.1025 Hz
Displacement:

	Error L2: 0.4780 %

	Error rmse: 1.372 

	Max value : Abaqus 547.2, PODI-RBF 549.9 

von Mises stress:

	Error L2: 14.0192 %

	Error rmse: 6.138 

	Max value : Abaqus 98.72, PODI-RBF 104.4 
